CRITICAL - 2020-11-05 23:28:11 --> Class 'App\Models\InvestigacionModel' not found
#0 C:\xampp\htdocs\cursoCodeIgniter-Udemy\system\CodeIgniter.php(914): App\Controllers\Investigaciones->index()
#1 C:\xampp\htdocs\cursoCodeIgniter-Udemy\system\CodeIgniter.php(400): CodeIgniter\CodeIgniter->runController(Object(App\Controllers\Investigaciones))
#2 C:\xampp\htdocs\cursoCodeIgniter-Udemy\system\CodeIgniter.php(308): CodeIgniter\CodeIgniter->handleRequest(NULL, Object(Config\Cache), false)
#3 C:\xampp\htdocs\cursoCodeIgniter-Udemy\index.php(45): CodeIgniter\CodeIgniter->run()
#4 {main}
CRITICAL - 2020-11-05 23:49:10 --> Invalid file: {0}
#0 C:\xampp\htdocs\cursoCodeIgniter-Udemy\system\View\View.php(228): CodeIgniter\Exceptions\FrameworkException::forInvalidFile('acciones/ListaI...')
#1 C:\xampp\htdocs\cursoCodeIgniter-Udemy\system\Common.php(1087): CodeIgniter\View\View->render('acciones/ListaI...', Array, true)
#2 C:\xampp\htdocs\cursoCodeIgniter-Udemy\app\Controllers\Investigaciones.php(15): view('acciones/ListaI...', Array)
#3 C:\xampp\htdocs\cursoCodeIgniter-Udemy\system\CodeIgniter.php(914): App\Controllers\Investigaciones->index()
#4 C:\xampp\htdocs\cursoCodeIgniter-Udemy\system\CodeIgniter.php(400): CodeIgniter\CodeIgniter->runController(Object(App\Controllers\Investigaciones))
#5 C:\xampp\htdocs\cursoCodeIgniter-Udemy\system\CodeIgniter.php(308): CodeIgniter\CodeIgniter->handleRequest(NULL, Object(Config\Cache), false)
#6 C:\xampp\htdocs\cursoCodeIgniter-Udemy\index.php(45): CodeIgniter\CodeIgniter->run()
#7 {main}
CRITICAL - 2020-11-05 23:49:20 --> Invalid file: {0}
#0 C:\xampp\htdocs\cursoCodeIgniter-Udemy\system\View\View.php(228): CodeIgniter\Exceptions\FrameworkException::forInvalidFile('acciones/ListaI...')
#1 C:\xampp\htdocs\cursoCodeIgniter-Udemy\system\Common.php(1087): CodeIgniter\View\View->render('acciones/ListaI...', Array, true)
#2 C:\xampp\htdocs\cursoCodeIgniter-Udemy\app\Controllers\Investigaciones.php(15): view('acciones/ListaI...', Array)
#3 C:\xampp\htdocs\cursoCodeIgniter-Udemy\system\CodeIgniter.php(914): App\Controllers\Investigaciones->index()
#4 C:\xampp\htdocs\cursoCodeIgniter-Udemy\system\CodeIgniter.php(400): CodeIgniter\CodeIgniter->runController(Object(App\Controllers\Investigaciones))
#5 C:\xampp\htdocs\cursoCodeIgniter-Udemy\system\CodeIgniter.php(308): CodeIgniter\CodeIgniter->handleRequest(NULL, Object(Config\Cache), false)
#6 C:\xampp\htdocs\cursoCodeIgniter-Udemy\index.php(45): CodeIgniter\CodeIgniter->run()
#7 {main}
