CRITICAL - 2021-04-06 22:34:08 --> Invalid file: {0}
#0 C:\xampp\htdocs\cursoCodeIgniter-Udemy\system\View\View.php(228): CodeIgniter\Exceptions\FrameworkException::forInvalidFile('opciones/formac...')
#1 C:\xampp\htdocs\cursoCodeIgniter-Udemy\system\Common.php(1087): CodeIgniter\View\View->render('opciones/formac...', Array, true)
#2 C:\xampp\htdocs\cursoCodeIgniter-Udemy\app\Controllers\Formacion.php(7): view('opciones/formac...')
#3 C:\xampp\htdocs\cursoCodeIgniter-Udemy\system\CodeIgniter.php(914): App\Controllers\Formacion->index()
#4 C:\xampp\htdocs\cursoCodeIgniter-Udemy\system\CodeIgniter.php(400): CodeIgniter\CodeIgniter->runController(Object(App\Controllers\Formacion))
#5 C:\xampp\htdocs\cursoCodeIgniter-Udemy\system\CodeIgniter.php(308): CodeIgniter\CodeIgniter->handleRequest(NULL, Object(Config\Cache), false)
#6 C:\xampp\htdocs\cursoCodeIgniter-Udemy\index.php(45): CodeIgniter\CodeIgniter->run()
#7 {main}
CRITICAL - 2021-04-06 22:34:38 --> Trying to access array offset on value of type null
#0 C:\xampp\htdocs\cursoCodeIgniter-Udemy\app\Views\acciones\VerSitio.php(22): CodeIgniter\Debug\Exceptions->errorHandler(8, 'Trying to acces...', 'C:\\xampp\\htdocs...', 22, Array)
#1 C:\xampp\htdocs\cursoCodeIgniter-Udemy\system\View\View.php(246): include('C:\\xampp\\htdocs...')
#2 C:\xampp\htdocs\cursoCodeIgniter-Udemy\system\Common.php(1087): CodeIgniter\View\View->render('acciones/VerSit...', Array, true)
#3 C:\xampp\htdocs\cursoCodeIgniter-Udemy\app\Controllers\SitiosInteres.php(22): view('acciones/VerSit...', Array)
#4 C:\xampp\htdocs\cursoCodeIgniter-Udemy\system\CodeIgniter.php(914): App\Controllers\SitiosInteres->ver('DataTables', 'datatables.min....')
#5 C:\xampp\htdocs\cursoCodeIgniter-Udemy\system\CodeIgniter.php(400): CodeIgniter\CodeIgniter->runController(Object(App\Controllers\SitiosInteres))
#6 C:\xampp\htdocs\cursoCodeIgniter-Udemy\system\CodeIgniter.php(308): CodeIgniter\CodeIgniter->handleRequest(NULL, Object(Config\Cache), false)
#7 C:\xampp\htdocs\cursoCodeIgniter-Udemy\index.php(45): CodeIgniter\CodeIgniter->run()
#8 {main}
CRITICAL - 2021-04-06 22:34:38 --> Trying to access array offset on value of type null
#0 C:\xampp\htdocs\cursoCodeIgniter-Udemy\app\Views\acciones\VerSitio.php(22): CodeIgniter\Debug\Exceptions->errorHandler(8, 'Trying to acces...', 'C:\\xampp\\htdocs...', 22, Array)
#1 C:\xampp\htdocs\cursoCodeIgniter-Udemy\system\View\View.php(246): include('C:\\xampp\\htdocs...')
#2 C:\xampp\htdocs\cursoCodeIgniter-Udemy\system\Common.php(1087): CodeIgniter\View\View->render('acciones/VerSit...', Array, true)
#3 C:\xampp\htdocs\cursoCodeIgniter-Udemy\app\Controllers\SitiosInteres.php(22): view('acciones/VerSit...', Array)
#4 C:\xampp\htdocs\cursoCodeIgniter-Udemy\system\CodeIgniter.php(914): App\Controllers\SitiosInteres->ver('DataTables', 'datatables.min....')
#5 C:\xampp\htdocs\cursoCodeIgniter-Udemy\system\CodeIgniter.php(400): CodeIgniter\CodeIgniter->runController(Object(App\Controllers\SitiosInteres))
#6 C:\xampp\htdocs\cursoCodeIgniter-Udemy\system\CodeIgniter.php(308): CodeIgniter\CodeIgniter->handleRequest(NULL, Object(Config\Cache), false)
#7 C:\xampp\htdocs\cursoCodeIgniter-Udemy\index.php(45): CodeIgniter\CodeIgniter->run()
#8 {main}
CRITICAL - 2021-04-06 22:34:38 --> Trying to access array offset on value of type null
#0 C:\xampp\htdocs\cursoCodeIgniter-Udemy\app\Views\acciones\VerSitio.php(22): CodeIgniter\Debug\Exceptions->errorHandler(8, 'Trying to acces...', 'C:\\xampp\\htdocs...', 22, Array)
#1 C:\xampp\htdocs\cursoCodeIgniter-Udemy\system\View\View.php(246): include('C:\\xampp\\htdocs...')
#2 C:\xampp\htdocs\cursoCodeIgniter-Udemy\system\Common.php(1087): CodeIgniter\View\View->render('acciones/VerSit...', Array, true)
#3 C:\xampp\htdocs\cursoCodeIgniter-Udemy\app\Controllers\SitiosInteres.php(22): view('acciones/VerSit...', Array)
#4 C:\xampp\htdocs\cursoCodeIgniter-Udemy\system\CodeIgniter.php(914): App\Controllers\SitiosInteres->ver('DataTables', 'datatables.min....')
#5 C:\xampp\htdocs\cursoCodeIgniter-Udemy\system\CodeIgniter.php(400): CodeIgniter\CodeIgniter->runController(Object(App\Controllers\SitiosInteres))
#6 C:\xampp\htdocs\cursoCodeIgniter-Udemy\system\CodeIgniter.php(308): CodeIgniter\CodeIgniter->handleRequest(NULL, Object(Config\Cache), false)
#7 C:\xampp\htdocs\cursoCodeIgniter-Udemy\index.php(45): CodeIgniter\CodeIgniter->run()
#8 {main}
CRITICAL - 2021-04-06 23:40:11 --> syntax error, unexpected end of file, expecting function (T_FUNCTION) or const (T_CONST)
#0 C:\xampp\htdocs\cursoCodeIgniter-Udemy\system\Router\Router.php(192): CodeIgniter\Router\Router->autoRoute('Novedades')
#1 C:\xampp\htdocs\cursoCodeIgniter-Udemy\system\CodeIgniter.php(789): CodeIgniter\Router\Router->handle('Novedades')
#2 C:\xampp\htdocs\cursoCodeIgniter-Udemy\system\CodeIgniter.php(360): CodeIgniter\CodeIgniter->tryToRouteIt(Object(CodeIgniter\Router\RouteCollection))
#3 C:\xampp\htdocs\cursoCodeIgniter-Udemy\system\CodeIgniter.php(308): CodeIgniter\CodeIgniter->handleRequest(NULL, Object(Config\Cache), false)
#4 C:\xampp\htdocs\cursoCodeIgniter-Udemy\index.php(45): CodeIgniter\CodeIgniter->run()
#5 {main}
CRITICAL - 2021-04-06 23:40:56 --> syntax error, unexpected end of file, expecting function (T_FUNCTION) or const (T_CONST)
#0 C:\xampp\htdocs\cursoCodeIgniter-Udemy\system\Router\Router.php(192): CodeIgniter\Router\Router->autoRoute('Novedades')
#1 C:\xampp\htdocs\cursoCodeIgniter-Udemy\system\CodeIgniter.php(789): CodeIgniter\Router\Router->handle('Novedades')
#2 C:\xampp\htdocs\cursoCodeIgniter-Udemy\system\CodeIgniter.php(360): CodeIgniter\CodeIgniter->tryToRouteIt(Object(CodeIgniter\Router\RouteCollection))
#3 C:\xampp\htdocs\cursoCodeIgniter-Udemy\system\CodeIgniter.php(308): CodeIgniter\CodeIgniter->handleRequest(NULL, Object(Config\Cache), false)
#4 C:\xampp\htdocs\cursoCodeIgniter-Udemy\index.php(45): CodeIgniter\CodeIgniter->run()
#5 {main}
CRITICAL - 2021-04-06 23:40:57 --> syntax error, unexpected end of file, expecting function (T_FUNCTION) or const (T_CONST)
#0 C:\xampp\htdocs\cursoCodeIgniter-Udemy\system\Router\Router.php(192): CodeIgniter\Router\Router->autoRoute('Novedades')
#1 C:\xampp\htdocs\cursoCodeIgniter-Udemy\system\CodeIgniter.php(789): CodeIgniter\Router\Router->handle('Novedades')
#2 C:\xampp\htdocs\cursoCodeIgniter-Udemy\system\CodeIgniter.php(360): CodeIgniter\CodeIgniter->tryToRouteIt(Object(CodeIgniter\Router\RouteCollection))
#3 C:\xampp\htdocs\cursoCodeIgniter-Udemy\system\CodeIgniter.php(308): CodeIgniter\CodeIgniter->handleRequest(NULL, Object(Config\Cache), false)
#4 C:\xampp\htdocs\cursoCodeIgniter-Udemy\index.php(45): CodeIgniter\CodeIgniter->run()
#5 {main}
CRITICAL - 2021-04-06 23:41:31 --> syntax error, unexpected end of file, expecting function (T_FUNCTION) or const (T_CONST)
#0 C:\xampp\htdocs\cursoCodeIgniter-Udemy\system\Router\Router.php(192): CodeIgniter\Router\Router->autoRoute('Novedades')
#1 C:\xampp\htdocs\cursoCodeIgniter-Udemy\system\CodeIgniter.php(789): CodeIgniter\Router\Router->handle('Novedades')
#2 C:\xampp\htdocs\cursoCodeIgniter-Udemy\system\CodeIgniter.php(360): CodeIgniter\CodeIgniter->tryToRouteIt(Object(CodeIgniter\Router\RouteCollection))
#3 C:\xampp\htdocs\cursoCodeIgniter-Udemy\system\CodeIgniter.php(308): CodeIgniter\CodeIgniter->handleRequest(NULL, Object(Config\Cache), false)
#4 C:\xampp\htdocs\cursoCodeIgniter-Udemy\index.php(45): CodeIgniter\CodeIgniter->run()
#5 {main}
CRITICAL - 2021-04-06 23:42:34 --> syntax error, unexpected end of file, expecting function (T_FUNCTION) or const (T_CONST)
#0 C:\xampp\htdocs\cursoCodeIgniter-Udemy\system\Router\Router.php(192): CodeIgniter\Router\Router->autoRoute('Novedades')
#1 C:\xampp\htdocs\cursoCodeIgniter-Udemy\system\CodeIgniter.php(789): CodeIgniter\Router\Router->handle('Novedades')
#2 C:\xampp\htdocs\cursoCodeIgniter-Udemy\system\CodeIgniter.php(360): CodeIgniter\CodeIgniter->tryToRouteIt(Object(CodeIgniter\Router\RouteCollection))
#3 C:\xampp\htdocs\cursoCodeIgniter-Udemy\system\CodeIgniter.php(308): CodeIgniter\CodeIgniter->handleRequest(NULL, Object(Config\Cache), false)
#4 C:\xampp\htdocs\cursoCodeIgniter-Udemy\index.php(45): CodeIgniter\CodeIgniter->run()
#5 {main}
CRITICAL - 2021-04-06 23:46:49 --> syntax error, unexpected end of file, expecting function (T_FUNCTION) or const (T_CONST)
#0 C:\xampp\htdocs\cursoCodeIgniter-Udemy\system\Router\Router.php(192): CodeIgniter\Router\Router->autoRoute('Novedades')
#1 C:\xampp\htdocs\cursoCodeIgniter-Udemy\system\CodeIgniter.php(789): CodeIgniter\Router\Router->handle('Novedades')
#2 C:\xampp\htdocs\cursoCodeIgniter-Udemy\system\CodeIgniter.php(360): CodeIgniter\CodeIgniter->tryToRouteIt(Object(CodeIgniter\Router\RouteCollection))
#3 C:\xampp\htdocs\cursoCodeIgniter-Udemy\system\CodeIgniter.php(308): CodeIgniter\CodeIgniter->handleRequest(NULL, Object(Config\Cache), false)
#4 C:\xampp\htdocs\cursoCodeIgniter-Udemy\index.php(45): CodeIgniter\CodeIgniter->run()
#5 {main}
CRITICAL - 2021-04-06 23:47:28 --> syntax error, unexpected end of file, expecting function (T_FUNCTION) or const (T_CONST)
#0 C:\xampp\htdocs\cursoCodeIgniter-Udemy\system\Router\Router.php(192): CodeIgniter\Router\Router->autoRoute('Novedades')
#1 C:\xampp\htdocs\cursoCodeIgniter-Udemy\system\CodeIgniter.php(789): CodeIgniter\Router\Router->handle('Novedades')
#2 C:\xampp\htdocs\cursoCodeIgniter-Udemy\system\CodeIgniter.php(360): CodeIgniter\CodeIgniter->tryToRouteIt(Object(CodeIgniter\Router\RouteCollection))
#3 C:\xampp\htdocs\cursoCodeIgniter-Udemy\system\CodeIgniter.php(308): CodeIgniter\CodeIgniter->handleRequest(NULL, Object(Config\Cache), false)
#4 C:\xampp\htdocs\cursoCodeIgniter-Udemy\index.php(45): CodeIgniter\CodeIgniter->run()
#5 {main}
CRITICAL - 2021-04-06 23:48:13 --> syntax error, unexpected end of file, expecting function (T_FUNCTION) or const (T_CONST)
#0 C:\xampp\htdocs\cursoCodeIgniter-Udemy\system\Router\Router.php(192): CodeIgniter\Router\Router->autoRoute('Novedades')
#1 C:\xampp\htdocs\cursoCodeIgniter-Udemy\system\CodeIgniter.php(789): CodeIgniter\Router\Router->handle('Novedades')
#2 C:\xampp\htdocs\cursoCodeIgniter-Udemy\system\CodeIgniter.php(360): CodeIgniter\CodeIgniter->tryToRouteIt(Object(CodeIgniter\Router\RouteCollection))
#3 C:\xampp\htdocs\cursoCodeIgniter-Udemy\system\CodeIgniter.php(308): CodeIgniter\CodeIgniter->handleRequest(NULL, Object(Config\Cache), false)
#4 C:\xampp\htdocs\cursoCodeIgniter-Udemy\index.php(45): CodeIgniter\CodeIgniter->run()
#5 {main}
CRITICAL - 2021-04-06 23:48:40 --> syntax error, unexpected end of file, expecting function (T_FUNCTION) or const (T_CONST)
#0 C:\xampp\htdocs\cursoCodeIgniter-Udemy\system\Router\Router.php(192): CodeIgniter\Router\Router->autoRoute('Novedades')
#1 C:\xampp\htdocs\cursoCodeIgniter-Udemy\system\CodeIgniter.php(789): CodeIgniter\Router\Router->handle('Novedades')
#2 C:\xampp\htdocs\cursoCodeIgniter-Udemy\system\CodeIgniter.php(360): CodeIgniter\CodeIgniter->tryToRouteIt(Object(CodeIgniter\Router\RouteCollection))
#3 C:\xampp\htdocs\cursoCodeIgniter-Udemy\system\CodeIgniter.php(308): CodeIgniter\CodeIgniter->handleRequest(NULL, Object(Config\Cache), false)
#4 C:\xampp\htdocs\cursoCodeIgniter-Udemy\index.php(45): CodeIgniter\CodeIgniter->run()
#5 {main}
CRITICAL - 2021-04-06 23:49:22 --> syntax error, unexpected end of file, expecting function (T_FUNCTION) or const (T_CONST)
#0 C:\xampp\htdocs\cursoCodeIgniter-Udemy\system\Router\Router.php(192): CodeIgniter\Router\Router->autoRoute('Novedades')
#1 C:\xampp\htdocs\cursoCodeIgniter-Udemy\system\CodeIgniter.php(789): CodeIgniter\Router\Router->handle('Novedades')
#2 C:\xampp\htdocs\cursoCodeIgniter-Udemy\system\CodeIgniter.php(360): CodeIgniter\CodeIgniter->tryToRouteIt(Object(CodeIgniter\Router\RouteCollection))
#3 C:\xampp\htdocs\cursoCodeIgniter-Udemy\system\CodeIgniter.php(308): CodeIgniter\CodeIgniter->handleRequest(NULL, Object(Config\Cache), false)
#4 C:\xampp\htdocs\cursoCodeIgniter-Udemy\index.php(45): CodeIgniter\CodeIgniter->run()
#5 {main}
CRITICAL - 2021-04-06 23:50:27 --> syntax error, unexpected end of file, expecting function (T_FUNCTION) or const (T_CONST)
#0 C:\xampp\htdocs\cursoCodeIgniter-Udemy\system\Router\Router.php(192): CodeIgniter\Router\Router->autoRoute('Novedades')
#1 C:\xampp\htdocs\cursoCodeIgniter-Udemy\system\CodeIgniter.php(789): CodeIgniter\Router\Router->handle('Novedades')
#2 C:\xampp\htdocs\cursoCodeIgniter-Udemy\system\CodeIgniter.php(360): CodeIgniter\CodeIgniter->tryToRouteIt(Object(CodeIgniter\Router\RouteCollection))
#3 C:\xampp\htdocs\cursoCodeIgniter-Udemy\system\CodeIgniter.php(308): CodeIgniter\CodeIgniter->handleRequest(NULL, Object(Config\Cache), false)
#4 C:\xampp\htdocs\cursoCodeIgniter-Udemy\index.php(45): CodeIgniter\CodeIgniter->run()
#5 {main}
CRITICAL - 2021-04-06 23:50:28 --> syntax error, unexpected end of file, expecting function (T_FUNCTION) or const (T_CONST)
#0 C:\xampp\htdocs\cursoCodeIgniter-Udemy\system\Router\Router.php(192): CodeIgniter\Router\Router->autoRoute('Novedades')
#1 C:\xampp\htdocs\cursoCodeIgniter-Udemy\system\CodeIgniter.php(789): CodeIgniter\Router\Router->handle('Novedades')
#2 C:\xampp\htdocs\cursoCodeIgniter-Udemy\system\CodeIgniter.php(360): CodeIgniter\CodeIgniter->tryToRouteIt(Object(CodeIgniter\Router\RouteCollection))
#3 C:\xampp\htdocs\cursoCodeIgniter-Udemy\system\CodeIgniter.php(308): CodeIgniter\CodeIgniter->handleRequest(NULL, Object(Config\Cache), false)
#4 C:\xampp\htdocs\cursoCodeIgniter-Udemy\index.php(45): CodeIgniter\CodeIgniter->run()
#5 {main}
CRITICAL - 2021-04-06 23:55:07 --> syntax error, unexpected end of file, expecting function (T_FUNCTION) or const (T_CONST)
#0 C:\xampp\htdocs\cursoCodeIgniter-Udemy\system\Router\Router.php(192): CodeIgniter\Router\Router->autoRoute('Novedades')
#1 C:\xampp\htdocs\cursoCodeIgniter-Udemy\system\CodeIgniter.php(789): CodeIgniter\Router\Router->handle('Novedades')
#2 C:\xampp\htdocs\cursoCodeIgniter-Udemy\system\CodeIgniter.php(360): CodeIgniter\CodeIgniter->tryToRouteIt(Object(CodeIgniter\Router\RouteCollection))
#3 C:\xampp\htdocs\cursoCodeIgniter-Udemy\system\CodeIgniter.php(308): CodeIgniter\CodeIgniter->handleRequest(NULL, Object(Config\Cache), false)
#4 C:\xampp\htdocs\cursoCodeIgniter-Udemy\index.php(45): CodeIgniter\CodeIgniter->run()
#5 {main}
CRITICAL - 2021-04-06 23:55:16 --> syntax error, unexpected end of file, expecting function (T_FUNCTION) or const (T_CONST)
#0 C:\xampp\htdocs\cursoCodeIgniter-Udemy\system\Router\Router.php(192): CodeIgniter\Router\Router->autoRoute('Novedades')
#1 C:\xampp\htdocs\cursoCodeIgniter-Udemy\system\CodeIgniter.php(789): CodeIgniter\Router\Router->handle('Novedades')
#2 C:\xampp\htdocs\cursoCodeIgniter-Udemy\system\CodeIgniter.php(360): CodeIgniter\CodeIgniter->tryToRouteIt(Object(CodeIgniter\Router\RouteCollection))
#3 C:\xampp\htdocs\cursoCodeIgniter-Udemy\system\CodeIgniter.php(308): CodeIgniter\CodeIgniter->handleRequest(NULL, Object(Config\Cache), false)
#4 C:\xampp\htdocs\cursoCodeIgniter-Udemy\index.php(45): CodeIgniter\CodeIgniter->run()
#5 {main}
CRITICAL - 2021-04-06 23:56:27 --> syntax error, unexpected end of file, expecting function (T_FUNCTION) or const (T_CONST)
#0 C:\xampp\htdocs\cursoCodeIgniter-Udemy\system\Router\Router.php(192): CodeIgniter\Router\Router->autoRoute('Novedades')
#1 C:\xampp\htdocs\cursoCodeIgniter-Udemy\system\CodeIgniter.php(789): CodeIgniter\Router\Router->handle('Novedades')
#2 C:\xampp\htdocs\cursoCodeIgniter-Udemy\system\CodeIgniter.php(360): CodeIgniter\CodeIgniter->tryToRouteIt(Object(CodeIgniter\Router\RouteCollection))
#3 C:\xampp\htdocs\cursoCodeIgniter-Udemy\system\CodeIgniter.php(308): CodeIgniter\CodeIgniter->handleRequest(NULL, Object(Config\Cache), false)
#4 C:\xampp\htdocs\cursoCodeIgniter-Udemy\index.php(45): CodeIgniter\CodeIgniter->run()
#5 {main}
CRITICAL - 2021-04-06 23:58:48 --> syntax error, unexpected end of file, expecting function (T_FUNCTION) or const (T_CONST)
#0 C:\xampp\htdocs\cursoCodeIgniter-Udemy\system\Router\Router.php(192): CodeIgniter\Router\Router->autoRoute('Novedades')
#1 C:\xampp\htdocs\cursoCodeIgniter-Udemy\system\CodeIgniter.php(789): CodeIgniter\Router\Router->handle('Novedades')
#2 C:\xampp\htdocs\cursoCodeIgniter-Udemy\system\CodeIgniter.php(360): CodeIgniter\CodeIgniter->tryToRouteIt(Object(CodeIgniter\Router\RouteCollection))
#3 C:\xampp\htdocs\cursoCodeIgniter-Udemy\system\CodeIgniter.php(308): CodeIgniter\CodeIgniter->handleRequest(NULL, Object(Config\Cache), false)
#4 C:\xampp\htdocs\cursoCodeIgniter-Udemy\index.php(45): CodeIgniter\CodeIgniter->run()
#5 {main}
