CRITICAL - 2021-02-04 22:47:44 --> Trying to access array offset on value of type null
#0 C:\xampp\htdocs\cursoCodeIgniter-Udemy\app\Views\acciones\VerInvestigacion.php(22): CodeIgniter\Debug\Exceptions->errorHandler(8, 'Trying to acces...', 'C:\\xampp\\htdocs...', 22, Array)
#1 C:\xampp\htdocs\cursoCodeIgniter-Udemy\system\View\View.php(246): include('C:\\xampp\\htdocs...')
#2 C:\xampp\htdocs\cursoCodeIgniter-Udemy\system\Common.php(1087): CodeIgniter\View\View->render('acciones/VerInv...', Array, true)
#3 C:\xampp\htdocs\cursoCodeIgniter-Udemy\app\Controllers\Investigaciones.php(22): view('acciones/VerInv...', Array)
#4 C:\xampp\htdocs\cursoCodeIgniter-Udemy\system\CodeIgniter.php(914): App\Controllers\Investigaciones->ver('DataTables', 'datatables.min....')
#5 C:\xampp\htdocs\cursoCodeIgniter-Udemy\system\CodeIgniter.php(400): CodeIgniter\CodeIgniter->runController(Object(App\Controllers\Investigaciones))
#6 C:\xampp\htdocs\cursoCodeIgniter-Udemy\system\CodeIgniter.php(308): CodeIgniter\CodeIgniter->handleRequest(NULL, Object(Config\Cache), false)
#7 C:\xampp\htdocs\cursoCodeIgniter-Udemy\index.php(45): CodeIgniter\CodeIgniter->run()
#8 {main}
CRITICAL - 2021-02-04 22:47:44 --> Trying to access array offset on value of type null
#0 C:\xampp\htdocs\cursoCodeIgniter-Udemy\app\Views\acciones\VerInvestigacion.php(22): CodeIgniter\Debug\Exceptions->errorHandler(8, 'Trying to acces...', 'C:\\xampp\\htdocs...', 22, Array)
#1 C:\xampp\htdocs\cursoCodeIgniter-Udemy\system\View\View.php(246): include('C:\\xampp\\htdocs...')
#2 C:\xampp\htdocs\cursoCodeIgniter-Udemy\system\Common.php(1087): CodeIgniter\View\View->render('acciones/VerInv...', Array, true)
#3 C:\xampp\htdocs\cursoCodeIgniter-Udemy\app\Controllers\Investigaciones.php(22): view('acciones/VerInv...', Array)
#4 C:\xampp\htdocs\cursoCodeIgniter-Udemy\system\CodeIgniter.php(914): App\Controllers\Investigaciones->ver('DataTables', 'datatables.min....')
#5 C:\xampp\htdocs\cursoCodeIgniter-Udemy\system\CodeIgniter.php(400): CodeIgniter\CodeIgniter->runController(Object(App\Controllers\Investigaciones))
#6 C:\xampp\htdocs\cursoCodeIgniter-Udemy\system\CodeIgniter.php(308): CodeIgniter\CodeIgniter->handleRequest(NULL, Object(Config\Cache), false)
#7 C:\xampp\htdocs\cursoCodeIgniter-Udemy\index.php(45): CodeIgniter\CodeIgniter->run()
#8 {main}
CRITICAL - 2021-02-04 22:50:58 --> Trying to access array offset on value of type null
#0 C:\xampp\htdocs\cursoCodeIgniter-Udemy\app\Views\acciones\VerPublicacion.php(22): CodeIgniter\Debug\Exceptions->errorHandler(8, 'Trying to acces...', 'C:\\xampp\\htdocs...', 22, Array)
#1 C:\xampp\htdocs\cursoCodeIgniter-Udemy\system\View\View.php(246): include('C:\\xampp\\htdocs...')
#2 C:\xampp\htdocs\cursoCodeIgniter-Udemy\system\Common.php(1087): CodeIgniter\View\View->render('acciones/VerPub...', Array, true)
#3 C:\xampp\htdocs\cursoCodeIgniter-Udemy\app\Controllers\Publicaciones.php(22): view('acciones/VerPub...', Array)
#4 C:\xampp\htdocs\cursoCodeIgniter-Udemy\system\CodeIgniter.php(914): App\Controllers\Publicaciones->ver('DataTables', 'datatables.min....')
#5 C:\xampp\htdocs\cursoCodeIgniter-Udemy\system\CodeIgniter.php(400): CodeIgniter\CodeIgniter->runController(Object(App\Controllers\Publicaciones))
#6 C:\xampp\htdocs\cursoCodeIgniter-Udemy\system\CodeIgniter.php(308): CodeIgniter\CodeIgniter->handleRequest(NULL, Object(Config\Cache), false)
#7 C:\xampp\htdocs\cursoCodeIgniter-Udemy\index.php(45): CodeIgniter\CodeIgniter->run()
#8 {main}
CRITICAL - 2021-02-04 22:50:58 --> Trying to access array offset on value of type null
#0 C:\xampp\htdocs\cursoCodeIgniter-Udemy\app\Views\acciones\VerPublicacion.php(22): CodeIgniter\Debug\Exceptions->errorHandler(8, 'Trying to acces...', 'C:\\xampp\\htdocs...', 22, Array)
#1 C:\xampp\htdocs\cursoCodeIgniter-Udemy\system\View\View.php(246): include('C:\\xampp\\htdocs...')
#2 C:\xampp\htdocs\cursoCodeIgniter-Udemy\system\Common.php(1087): CodeIgniter\View\View->render('acciones/VerPub...', Array, true)
#3 C:\xampp\htdocs\cursoCodeIgniter-Udemy\app\Controllers\Publicaciones.php(22): view('acciones/VerPub...', Array)
#4 C:\xampp\htdocs\cursoCodeIgniter-Udemy\system\CodeIgniter.php(914): App\Controllers\Publicaciones->ver('DataTables', 'datatables.min....')
#5 C:\xampp\htdocs\cursoCodeIgniter-Udemy\system\CodeIgniter.php(400): CodeIgniter\CodeIgniter->runController(Object(App\Controllers\Publicaciones))
#6 C:\xampp\htdocs\cursoCodeIgniter-Udemy\system\CodeIgniter.php(308): CodeIgniter\CodeIgniter->handleRequest(NULL, Object(Config\Cache), false)
#7 C:\xampp\htdocs\cursoCodeIgniter-Udemy\index.php(45): CodeIgniter\CodeIgniter->run()
#8 {main}
CRITICAL - 2021-02-04 22:51:19 --> Trying to access array offset on value of type null
#0 C:\xampp\htdocs\cursoCodeIgniter-Udemy\app\Views\acciones\VerPublicacion.php(22): CodeIgniter\Debug\Exceptions->errorHandler(8, 'Trying to acces...', 'C:\\xampp\\htdocs...', 22, Array)
#1 C:\xampp\htdocs\cursoCodeIgniter-Udemy\system\View\View.php(246): include('C:\\xampp\\htdocs...')
#2 C:\xampp\htdocs\cursoCodeIgniter-Udemy\system\Common.php(1087): CodeIgniter\View\View->render('acciones/VerPub...', Array, true)
#3 C:\xampp\htdocs\cursoCodeIgniter-Udemy\app\Controllers\Publicaciones.php(22): view('acciones/VerPub...', Array)
#4 C:\xampp\htdocs\cursoCodeIgniter-Udemy\system\CodeIgniter.php(914): App\Controllers\Publicaciones->ver('DataTables', 'datatables.min....')
#5 C:\xampp\htdocs\cursoCodeIgniter-Udemy\system\CodeIgniter.php(400): CodeIgniter\CodeIgniter->runController(Object(App\Controllers\Publicaciones))
#6 C:\xampp\htdocs\cursoCodeIgniter-Udemy\system\CodeIgniter.php(308): CodeIgniter\CodeIgniter->handleRequest(NULL, Object(Config\Cache), false)
#7 C:\xampp\htdocs\cursoCodeIgniter-Udemy\index.php(45): CodeIgniter\CodeIgniter->run()
#8 {main}
CRITICAL - 2021-02-04 22:51:19 --> Trying to access array offset on value of type null
#0 C:\xampp\htdocs\cursoCodeIgniter-Udemy\app\Views\acciones\VerPublicacion.php(22): CodeIgniter\Debug\Exceptions->errorHandler(8, 'Trying to acces...', 'C:\\xampp\\htdocs...', 22, Array)
#1 C:\xampp\htdocs\cursoCodeIgniter-Udemy\system\View\View.php(246): include('C:\\xampp\\htdocs...')
#2 C:\xampp\htdocs\cursoCodeIgniter-Udemy\system\Common.php(1087): CodeIgniter\View\View->render('acciones/VerPub...', Array, true)
#3 C:\xampp\htdocs\cursoCodeIgniter-Udemy\app\Controllers\Publicaciones.php(22): view('acciones/VerPub...', Array)
#4 C:\xampp\htdocs\cursoCodeIgniter-Udemy\system\CodeIgniter.php(914): App\Controllers\Publicaciones->ver('DataTables', 'datatables.min....')
#5 C:\xampp\htdocs\cursoCodeIgniter-Udemy\system\CodeIgniter.php(400): CodeIgniter\CodeIgniter->runController(Object(App\Controllers\Publicaciones))
#6 C:\xampp\htdocs\cursoCodeIgniter-Udemy\system\CodeIgniter.php(308): CodeIgniter\CodeIgniter->handleRequest(NULL, Object(Config\Cache), false)
#7 C:\xampp\htdocs\cursoCodeIgniter-Udemy\index.php(45): CodeIgniter\CodeIgniter->run()
#8 {main}
