CRITICAL - 2021-01-11 22:49:47 --> Trying to access array offset on value of type null
#0 C:\xampp\htdocs\cursoCodeIgniter-Udemy\app\Views\usuario\verPublicacion.php(11): CodeIgniter\Debug\Exceptions->errorHandler(8, 'Trying to acces...', 'C:\\xampp\\htdocs...', 11, Array)
#1 C:\xampp\htdocs\cursoCodeIgniter-Udemy\system\View\View.php(246): include('C:\\xampp\\htdocs...')
#2 C:\xampp\htdocs\cursoCodeIgniter-Udemy\system\Common.php(1087): CodeIgniter\View\View->render('usuario/VerPubl...', Array, true)
#3 C:\xampp\htdocs\cursoCodeIgniter-Udemy\app\Controllers\Usuario.php(160): view('usuario/VerPubl...', Array)
#4 C:\xampp\htdocs\cursoCodeIgniter-Udemy\system\CodeIgniter.php(914): App\Controllers\Usuario->verPublicacion('DataTables', 'datatables.min....')
#5 C:\xampp\htdocs\cursoCodeIgniter-Udemy\system\CodeIgniter.php(400): CodeIgniter\CodeIgniter->runController(Object(App\Controllers\Usuario))
#6 C:\xampp\htdocs\cursoCodeIgniter-Udemy\system\CodeIgniter.php(308): CodeIgniter\CodeIgniter->handleRequest(NULL, Object(Config\Cache), false)
#7 C:\xampp\htdocs\cursoCodeIgniter-Udemy\index.php(45): CodeIgniter\CodeIgniter->run()
#8 {main}
CRITICAL - 2021-01-11 22:49:47 --> Trying to access array offset on value of type null
#0 C:\xampp\htdocs\cursoCodeIgniter-Udemy\app\Views\usuario\verPublicacion.php(11): CodeIgniter\Debug\Exceptions->errorHandler(8, 'Trying to acces...', 'C:\\xampp\\htdocs...', 11, Array)
#1 C:\xampp\htdocs\cursoCodeIgniter-Udemy\system\View\View.php(246): include('C:\\xampp\\htdocs...')
#2 C:\xampp\htdocs\cursoCodeIgniter-Udemy\system\Common.php(1087): CodeIgniter\View\View->render('usuario/VerPubl...', Array, true)
#3 C:\xampp\htdocs\cursoCodeIgniter-Udemy\app\Controllers\Usuario.php(160): view('usuario/VerPubl...', Array)
#4 C:\xampp\htdocs\cursoCodeIgniter-Udemy\system\CodeIgniter.php(914): App\Controllers\Usuario->verPublicacion('DataTables', 'datatables.min....')
#5 C:\xampp\htdocs\cursoCodeIgniter-Udemy\system\CodeIgniter.php(400): CodeIgniter\CodeIgniter->runController(Object(App\Controllers\Usuario))
#6 C:\xampp\htdocs\cursoCodeIgniter-Udemy\system\CodeIgniter.php(308): CodeIgniter\CodeIgniter->handleRequest(NULL, Object(Config\Cache), false)
#7 C:\xampp\htdocs\cursoCodeIgniter-Udemy\index.php(45): CodeIgniter\CodeIgniter->run()
#8 {main}
CRITICAL - 2021-01-11 22:49:54 --> Trying to access array offset on value of type null
#0 C:\xampp\htdocs\cursoCodeIgniter-Udemy\app\Views\usuario\updatePublicacion.php(13): CodeIgniter\Debug\Exceptions->errorHandler(8, 'Trying to acces...', 'C:\\xampp\\htdocs...', 13, Array)
#1 C:\xampp\htdocs\cursoCodeIgniter-Udemy\system\View\View.php(246): include('C:\\xampp\\htdocs...')
#2 C:\xampp\htdocs\cursoCodeIgniter-Udemy\system\Common.php(1087): CodeIgniter\View\View->render('usuario/updateP...', Array, true)
#3 C:\xampp\htdocs\cursoCodeIgniter-Udemy\app\Controllers\Usuario.php(167): view('usuario/updateP...', Array)
#4 C:\xampp\htdocs\cursoCodeIgniter-Udemy\system\CodeIgniter.php(914): App\Controllers\Usuario->modificarPublicacion('DataTables', 'datatables.min....')
#5 C:\xampp\htdocs\cursoCodeIgniter-Udemy\system\CodeIgniter.php(400): CodeIgniter\CodeIgniter->runController(Object(App\Controllers\Usuario))
#6 C:\xampp\htdocs\cursoCodeIgniter-Udemy\system\CodeIgniter.php(308): CodeIgniter\CodeIgniter->handleRequest(NULL, Object(Config\Cache), false)
#7 C:\xampp\htdocs\cursoCodeIgniter-Udemy\index.php(45): CodeIgniter\CodeIgniter->run()
#8 {main}
CRITICAL - 2021-01-11 22:49:54 --> Trying to access array offset on value of type null
#0 C:\xampp\htdocs\cursoCodeIgniter-Udemy\app\Views\usuario\updatePublicacion.php(13): CodeIgniter\Debug\Exceptions->errorHandler(8, 'Trying to acces...', 'C:\\xampp\\htdocs...', 13, Array)
#1 C:\xampp\htdocs\cursoCodeIgniter-Udemy\system\View\View.php(246): include('C:\\xampp\\htdocs...')
#2 C:\xampp\htdocs\cursoCodeIgniter-Udemy\system\Common.php(1087): CodeIgniter\View\View->render('usuario/updateP...', Array, true)
#3 C:\xampp\htdocs\cursoCodeIgniter-Udemy\app\Controllers\Usuario.php(167): view('usuario/updateP...', Array)
#4 C:\xampp\htdocs\cursoCodeIgniter-Udemy\system\CodeIgniter.php(914): App\Controllers\Usuario->modificarPublicacion('DataTables', 'datatables.min....')
#5 C:\xampp\htdocs\cursoCodeIgniter-Udemy\system\CodeIgniter.php(400): CodeIgniter\CodeIgniter->runController(Object(App\Controllers\Usuario))
#6 C:\xampp\htdocs\cursoCodeIgniter-Udemy\system\CodeIgniter.php(308): CodeIgniter\CodeIgniter->handleRequest(NULL, Object(Config\Cache), false)
#7 C:\xampp\htdocs\cursoCodeIgniter-Udemy\index.php(45): CodeIgniter\CodeIgniter->run()
#8 {main}
CRITICAL - 2021-01-11 22:50:15 --> Unknown column 'id_usuario' in 'where clause'
#0 C:\xampp\htdocs\cursoCodeIgniter-Udemy\system\Database\MySQLi\Connection.php(331): mysqli->query('SELECT *\nFROM `...')
#1 C:\xampp\htdocs\cursoCodeIgniter-Udemy\system\Database\BaseConnection.php(738): CodeIgniter\Database\MySQLi\Connection->execute('SELECT *\nFROM `...')
#2 C:\xampp\htdocs\cursoCodeIgniter-Udemy\system\Database\BaseConnection.php(666): CodeIgniter\Database\BaseConnection->simpleQuery('SELECT *\nFROM `...')
#3 C:\xampp\htdocs\cursoCodeIgniter-Udemy\system\Database\BaseBuilder.php(1845): CodeIgniter\Database\BaseConnection->query('SELECT *\nFROM `...', Array, false)
#4 C:\xampp\htdocs\cursoCodeIgniter-Udemy\system\Model.php(445): CodeIgniter\Database\BaseBuilder->get()
#5 C:\xampp\htdocs\cursoCodeIgniter-Udemy\app\Controllers\Usuario.php(213): CodeIgniter\Model->findAll()
#6 C:\xampp\htdocs\cursoCodeIgniter-Udemy\system\CodeIgniter.php(914): App\Controllers\Usuario->listaInvestigaciones()
#7 C:\xampp\htdocs\cursoCodeIgniter-Udemy\system\CodeIgniter.php(400): CodeIgniter\CodeIgniter->runController(Object(App\Controllers\Usuario))
#8 C:\xampp\htdocs\cursoCodeIgniter-Udemy\system\CodeIgniter.php(308): CodeIgniter\CodeIgniter->handleRequest(NULL, Object(Config\Cache), false)
#9 C:\xampp\htdocs\cursoCodeIgniter-Udemy\index.php(45): CodeIgniter\CodeIgniter->run()
#10 {main}
