CRITICAL - 2021-03-26 00:10:49 --> Invalid file: {0}
#0 C:\xampp\htdocs\cursoCodeIgniter-Udemy\system\View\View.php(228): CodeIgniter\Exceptions\FrameworkException::forInvalidFile('acciones/integr...')
#1 C:\xampp\htdocs\cursoCodeIgniter-Udemy\system\Common.php(1087): CodeIgniter\View\View->render('acciones/integr...', Array, true)
#2 C:\xampp\htdocs\cursoCodeIgniter-Udemy\app\Controllers\Integrantes.php(7): view('acciones/integr...')
#3 C:\xampp\htdocs\cursoCodeIgniter-Udemy\system\CodeIgniter.php(914): App\Controllers\Integrantes->index()
#4 C:\xampp\htdocs\cursoCodeIgniter-Udemy\system\CodeIgniter.php(400): CodeIgniter\CodeIgniter->runController(Object(App\Controllers\Integrantes))
#5 C:\xampp\htdocs\cursoCodeIgniter-Udemy\system\CodeIgniter.php(308): CodeIgniter\CodeIgniter->handleRequest(NULL, Object(Config\Cache), false)
#6 C:\xampp\htdocs\cursoCodeIgniter-Udemy\index.php(45): CodeIgniter\CodeIgniter->run()
#7 {main}
CRITICAL - 2021-03-26 00:38:30 --> Invalid file: {0}
#0 C:\xampp\htdocs\cursoCodeIgniter-Udemy\system\View\View.php(228): CodeIgniter\Exceptions\FrameworkException::forInvalidFile('acciones/ListaI...')
#1 C:\xampp\htdocs\cursoCodeIgniter-Udemy\system\Common.php(1087): CodeIgniter\View\View->render('acciones/ListaI...', Array, true)
#2 C:\xampp\htdocs\cursoCodeIgniter-Udemy\app\Controllers\Integrantes.php(15): view('acciones/ListaI...', Array)
#3 C:\xampp\htdocs\cursoCodeIgniter-Udemy\system\CodeIgniter.php(914): App\Controllers\Integrantes->index()
#4 C:\xampp\htdocs\cursoCodeIgniter-Udemy\system\CodeIgniter.php(400): CodeIgniter\CodeIgniter->runController(Object(App\Controllers\Integrantes))
#5 C:\xampp\htdocs\cursoCodeIgniter-Udemy\system\CodeIgniter.php(308): CodeIgniter\CodeIgniter->handleRequest(NULL, Object(Config\Cache), false)
#6 C:\xampp\htdocs\cursoCodeIgniter-Udemy\index.php(45): CodeIgniter\CodeIgniter->run()
#7 {main}
CRITICAL - 2021-03-26 00:42:20 --> Undefined variable: investigacion
#0 C:\xampp\htdocs\cursoCodeIgniter-Udemy\app\Views\acciones\VerIntegrantes.php(49): CodeIgniter\Debug\Exceptions->errorHandler(8, 'Undefined varia...', 'C:\\xampp\\htdocs...', 49, Array)
#1 C:\xampp\htdocs\cursoCodeIgniter-Udemy\system\View\View.php(246): include('C:\\xampp\\htdocs...')
#2 C:\xampp\htdocs\cursoCodeIgniter-Udemy\system\Common.php(1087): CodeIgniter\View\View->render('acciones/VerInt...', Array, true)
#3 C:\xampp\htdocs\cursoCodeIgniter-Udemy\app\Controllers\Integrantes.php(15): view('acciones/VerInt...', Array)
#4 C:\xampp\htdocs\cursoCodeIgniter-Udemy\system\CodeIgniter.php(914): App\Controllers\Integrantes->index()
#5 C:\xampp\htdocs\cursoCodeIgniter-Udemy\system\CodeIgniter.php(400): CodeIgniter\CodeIgniter->runController(Object(App\Controllers\Integrantes))
#6 C:\xampp\htdocs\cursoCodeIgniter-Udemy\system\CodeIgniter.php(308): CodeIgniter\CodeIgniter->handleRequest(NULL, Object(Config\Cache), false)
#7 C:\xampp\htdocs\cursoCodeIgniter-Udemy\index.php(45): CodeIgniter\CodeIgniter->run()
#8 {main}
