CRITICAL - 2021-04-13 23:18:21 --> Trying to access array offset on value of type null
#0 C:\xampp\htdocs\cursoCodeIgniter-Udemy\app\Views\usuario\verInvestigacion.php(11): CodeIgniter\Debug\Exceptions->errorHandler(8, 'Trying to acces...', 'C:\\xampp\\htdocs...', 11, Array)
#1 C:\xampp\htdocs\cursoCodeIgniter-Udemy\system\View\View.php(246): include('C:\\xampp\\htdocs...')
#2 C:\xampp\htdocs\cursoCodeIgniter-Udemy\system\Common.php(1087): CodeIgniter\View\View->render('usuario/VerInve...', Array, true)
#3 C:\xampp\htdocs\cursoCodeIgniter-Udemy\app\Controllers\Usuario.php(206): view('usuario/VerInve...', Array)
#4 C:\xampp\htdocs\cursoCodeIgniter-Udemy\system\CodeIgniter.php(914): App\Controllers\Usuario->verInvestigacion('DataTables', 'datatables.min....')
#5 C:\xampp\htdocs\cursoCodeIgniter-Udemy\system\CodeIgniter.php(400): CodeIgniter\CodeIgniter->runController(Object(App\Controllers\Usuario))
#6 C:\xampp\htdocs\cursoCodeIgniter-Udemy\system\CodeIgniter.php(308): CodeIgniter\CodeIgniter->handleRequest(NULL, Object(Config\Cache), false)
#7 C:\xampp\htdocs\cursoCodeIgniter-Udemy\index.php(45): CodeIgniter\CodeIgniter->run()
#8 {main}
CRITICAL - 2021-04-13 23:18:21 --> Trying to access array offset on value of type null
#0 C:\xampp\htdocs\cursoCodeIgniter-Udemy\app\Views\usuario\verInvestigacion.php(11): CodeIgniter\Debug\Exceptions->errorHandler(8, 'Trying to acces...', 'C:\\xampp\\htdocs...', 11, Array)
#1 C:\xampp\htdocs\cursoCodeIgniter-Udemy\system\View\View.php(246): include('C:\\xampp\\htdocs...')
#2 C:\xampp\htdocs\cursoCodeIgniter-Udemy\system\Common.php(1087): CodeIgniter\View\View->render('usuario/VerInve...', Array, true)
#3 C:\xampp\htdocs\cursoCodeIgniter-Udemy\app\Controllers\Usuario.php(206): view('usuario/VerInve...', Array)
#4 C:\xampp\htdocs\cursoCodeIgniter-Udemy\system\CodeIgniter.php(914): App\Controllers\Usuario->verInvestigacion('DataTables', 'datatables.min....')
#5 C:\xampp\htdocs\cursoCodeIgniter-Udemy\system\CodeIgniter.php(400): CodeIgniter\CodeIgniter->runController(Object(App\Controllers\Usuario))
#6 C:\xampp\htdocs\cursoCodeIgniter-Udemy\system\CodeIgniter.php(308): CodeIgniter\CodeIgniter->handleRequest(NULL, Object(Config\Cache), false)
#7 C:\xampp\htdocs\cursoCodeIgniter-Udemy\index.php(45): CodeIgniter\CodeIgniter->run()
#8 {main}
CRITICAL - 2021-04-13 23:18:47 --> Trying to access array offset on value of type null
#0 C:\xampp\htdocs\cursoCodeIgniter-Udemy\app\Views\acciones\VerInvestigacion.php(22): CodeIgniter\Debug\Exceptions->errorHandler(8, 'Trying to acces...', 'C:\\xampp\\htdocs...', 22, Array)
#1 C:\xampp\htdocs\cursoCodeIgniter-Udemy\system\View\View.php(246): include('C:\\xampp\\htdocs...')
#2 C:\xampp\htdocs\cursoCodeIgniter-Udemy\system\Common.php(1087): CodeIgniter\View\View->render('acciones/VerInv...', Array, true)
#3 C:\xampp\htdocs\cursoCodeIgniter-Udemy\app\Controllers\Investigaciones.php(22): view('acciones/VerInv...', Array)
#4 C:\xampp\htdocs\cursoCodeIgniter-Udemy\system\CodeIgniter.php(914): App\Controllers\Investigaciones->ver('DataTables', 'datatables.min....')
#5 C:\xampp\htdocs\cursoCodeIgniter-Udemy\system\CodeIgniter.php(400): CodeIgniter\CodeIgniter->runController(Object(App\Controllers\Investigaciones))
#6 C:\xampp\htdocs\cursoCodeIgniter-Udemy\system\CodeIgniter.php(308): CodeIgniter\CodeIgniter->handleRequest(NULL, Object(Config\Cache), false)
#7 C:\xampp\htdocs\cursoCodeIgniter-Udemy\index.php(45): CodeIgniter\CodeIgniter->run()
#8 {main}
CRITICAL - 2021-04-13 23:18:47 --> Trying to access array offset on value of type null
#0 C:\xampp\htdocs\cursoCodeIgniter-Udemy\app\Views\acciones\VerInvestigacion.php(22): CodeIgniter\Debug\Exceptions->errorHandler(8, 'Trying to acces...', 'C:\\xampp\\htdocs...', 22, Array)
#1 C:\xampp\htdocs\cursoCodeIgniter-Udemy\system\View\View.php(246): include('C:\\xampp\\htdocs...')
#2 C:\xampp\htdocs\cursoCodeIgniter-Udemy\system\Common.php(1087): CodeIgniter\View\View->render('acciones/VerInv...', Array, true)
#3 C:\xampp\htdocs\cursoCodeIgniter-Udemy\app\Controllers\Investigaciones.php(22): view('acciones/VerInv...', Array)
#4 C:\xampp\htdocs\cursoCodeIgniter-Udemy\system\CodeIgniter.php(914): App\Controllers\Investigaciones->ver('DataTables', 'datatables.min....')
#5 C:\xampp\htdocs\cursoCodeIgniter-Udemy\system\CodeIgniter.php(400): CodeIgniter\CodeIgniter->runController(Object(App\Controllers\Investigaciones))
#6 C:\xampp\htdocs\cursoCodeIgniter-Udemy\system\CodeIgniter.php(308): CodeIgniter\CodeIgniter->handleRequest(NULL, Object(Config\Cache), false)
#7 C:\xampp\htdocs\cursoCodeIgniter-Udemy\index.php(45): CodeIgniter\CodeIgniter->run()
#8 {main}
CRITICAL - 2021-04-13 23:47:58 --> Trying to access array offset on value of type null
#0 C:\xampp\htdocs\cursoCodeIgniter-Udemy\app\Views\acciones\VerInvestigacion.php(22): CodeIgniter\Debug\Exceptions->errorHandler(8, 'Trying to acces...', 'C:\\xampp\\htdocs...', 22, Array)
#1 C:\xampp\htdocs\cursoCodeIgniter-Udemy\system\View\View.php(246): include('C:\\xampp\\htdocs...')
#2 C:\xampp\htdocs\cursoCodeIgniter-Udemy\system\Common.php(1087): CodeIgniter\View\View->render('acciones/VerInv...', Array, true)
#3 C:\xampp\htdocs\cursoCodeIgniter-Udemy\app\Controllers\Investigaciones.php(22): view('acciones/VerInv...', Array)
#4 C:\xampp\htdocs\cursoCodeIgniter-Udemy\system\CodeIgniter.php(914): App\Controllers\Investigaciones->ver('DataTables', 'datatables.min....')
#5 C:\xampp\htdocs\cursoCodeIgniter-Udemy\system\CodeIgniter.php(400): CodeIgniter\CodeIgniter->runController(Object(App\Controllers\Investigaciones))
#6 C:\xampp\htdocs\cursoCodeIgniter-Udemy\system\CodeIgniter.php(308): CodeIgniter\CodeIgniter->handleRequest(NULL, Object(Config\Cache), false)
#7 C:\xampp\htdocs\cursoCodeIgniter-Udemy\index.php(45): CodeIgniter\CodeIgniter->run()
#8 {main}
CRITICAL - 2021-04-13 23:47:58 --> Trying to access array offset on value of type null
#0 C:\xampp\htdocs\cursoCodeIgniter-Udemy\app\Views\acciones\VerInvestigacion.php(22): CodeIgniter\Debug\Exceptions->errorHandler(8, 'Trying to acces...', 'C:\\xampp\\htdocs...', 22, Array)
#1 C:\xampp\htdocs\cursoCodeIgniter-Udemy\system\View\View.php(246): include('C:\\xampp\\htdocs...')
#2 C:\xampp\htdocs\cursoCodeIgniter-Udemy\system\Common.php(1087): CodeIgniter\View\View->render('acciones/VerInv...', Array, true)
#3 C:\xampp\htdocs\cursoCodeIgniter-Udemy\app\Controllers\Investigaciones.php(22): view('acciones/VerInv...', Array)
#4 C:\xampp\htdocs\cursoCodeIgniter-Udemy\system\CodeIgniter.php(914): App\Controllers\Investigaciones->ver('DataTables', 'datatables.min....')
#5 C:\xampp\htdocs\cursoCodeIgniter-Udemy\system\CodeIgniter.php(400): CodeIgniter\CodeIgniter->runController(Object(App\Controllers\Investigaciones))
#6 C:\xampp\htdocs\cursoCodeIgniter-Udemy\system\CodeIgniter.php(308): CodeIgniter\CodeIgniter->handleRequest(NULL, Object(Config\Cache), false)
#7 C:\xampp\htdocs\cursoCodeIgniter-Udemy\index.php(45): CodeIgniter\CodeIgniter->run()
#8 {main}
CRITICAL - 2021-04-13 23:47:58 --> Trying to access array offset on value of type null
#0 C:\xampp\htdocs\cursoCodeIgniter-Udemy\app\Views\acciones\VerInvestigacion.php(22): CodeIgniter\Debug\Exceptions->errorHandler(8, 'Trying to acces...', 'C:\\xampp\\htdocs...', 22, Array)
#1 C:\xampp\htdocs\cursoCodeIgniter-Udemy\system\View\View.php(246): include('C:\\xampp\\htdocs...')
#2 C:\xampp\htdocs\cursoCodeIgniter-Udemy\system\Common.php(1087): CodeIgniter\View\View->render('acciones/VerInv...', Array, true)
#3 C:\xampp\htdocs\cursoCodeIgniter-Udemy\app\Controllers\Investigaciones.php(22): view('acciones/VerInv...', Array)
#4 C:\xampp\htdocs\cursoCodeIgniter-Udemy\system\CodeIgniter.php(914): App\Controllers\Investigaciones->ver('DataTables', 'datatables.min....')
#5 C:\xampp\htdocs\cursoCodeIgniter-Udemy\system\CodeIgniter.php(400): CodeIgniter\CodeIgniter->runController(Object(App\Controllers\Investigaciones))
#6 C:\xampp\htdocs\cursoCodeIgniter-Udemy\system\CodeIgniter.php(308): CodeIgniter\CodeIgniter->handleRequest(NULL, Object(Config\Cache), false)
#7 C:\xampp\htdocs\cursoCodeIgniter-Udemy\index.php(45): CodeIgniter\CodeIgniter->run()
#8 {main}
CRITICAL - 2021-04-13 23:48:01 --> Trying to access array offset on value of type null
#0 C:\xampp\htdocs\cursoCodeIgniter-Udemy\app\Views\acciones\VerInvestigacion.php(22): CodeIgniter\Debug\Exceptions->errorHandler(8, 'Trying to acces...', 'C:\\xampp\\htdocs...', 22, Array)
#1 C:\xampp\htdocs\cursoCodeIgniter-Udemy\system\View\View.php(246): include('C:\\xampp\\htdocs...')
#2 C:\xampp\htdocs\cursoCodeIgniter-Udemy\system\Common.php(1087): CodeIgniter\View\View->render('acciones/VerInv...', Array, true)
#3 C:\xampp\htdocs\cursoCodeIgniter-Udemy\app\Controllers\Investigaciones.php(22): view('acciones/VerInv...', Array)
#4 C:\xampp\htdocs\cursoCodeIgniter-Udemy\system\CodeIgniter.php(914): App\Controllers\Investigaciones->ver('DataTables', 'datatables.min....')
#5 C:\xampp\htdocs\cursoCodeIgniter-Udemy\system\CodeIgniter.php(400): CodeIgniter\CodeIgniter->runController(Object(App\Controllers\Investigaciones))
#6 C:\xampp\htdocs\cursoCodeIgniter-Udemy\system\CodeIgniter.php(308): CodeIgniter\CodeIgniter->handleRequest(NULL, Object(Config\Cache), false)
#7 C:\xampp\htdocs\cursoCodeIgniter-Udemy\index.php(45): CodeIgniter\CodeIgniter->run()
#8 {main}
CRITICAL - 2021-04-13 23:48:02 --> Trying to access array offset on value of type null
#0 C:\xampp\htdocs\cursoCodeIgniter-Udemy\app\Views\acciones\VerInvestigacion.php(22): CodeIgniter\Debug\Exceptions->errorHandler(8, 'Trying to acces...', 'C:\\xampp\\htdocs...', 22, Array)
#1 C:\xampp\htdocs\cursoCodeIgniter-Udemy\system\View\View.php(246): include('C:\\xampp\\htdocs...')
#2 C:\xampp\htdocs\cursoCodeIgniter-Udemy\system\Common.php(1087): CodeIgniter\View\View->render('acciones/VerInv...', Array, true)
#3 C:\xampp\htdocs\cursoCodeIgniter-Udemy\app\Controllers\Investigaciones.php(22): view('acciones/VerInv...', Array)
#4 C:\xampp\htdocs\cursoCodeIgniter-Udemy\system\CodeIgniter.php(914): App\Controllers\Investigaciones->ver('DataTables', 'datatables.min....')
#5 C:\xampp\htdocs\cursoCodeIgniter-Udemy\system\CodeIgniter.php(400): CodeIgniter\CodeIgniter->runController(Object(App\Controllers\Investigaciones))
#6 C:\xampp\htdocs\cursoCodeIgniter-Udemy\system\CodeIgniter.php(308): CodeIgniter\CodeIgniter->handleRequest(NULL, Object(Config\Cache), false)
#7 C:\xampp\htdocs\cursoCodeIgniter-Udemy\index.php(45): CodeIgniter\CodeIgniter->run()
#8 {main}
